[2024-02-19 13:23:00] production.ERROR: Unable to rewrite key "t_no_conversation_selected_subtitle" in config, rewrite failed {"userId":1,"exception":"[object] (Exception(code: 0): Unable to rewrite key \"t_no_conversation_selected_subtitle\" in config, rewrite failed at /home/u100719507/domains/2lancer.ma/public_html/vendor/edwardhendrix/laravel-config-writer/src/DataWriter/Rewrite.php:65)
[stacktrace]
#0 /home/u100719507/domains/2lancer.ma/public_html/vendor/edwardhendrix/laravel-config-writer/src/DataWriter/Rewrite.php(35): October\\Rain\\Config\\DataWriter\\Rewrite->toContent()
#1 /home/u100719507/domains/2lancer.ma/public_html/app/Http/Livewire/Admin/Languages/Options/TranslateComponent.php(112): October\\Rain\\Config\\DataWriter\\Rewrite->toFile()
#2 /home/u100719507/domains/2lancer.ma/public_html/vendor/livewire/livewire/src/ComponentConcerns/HandlesActions.php(95): App\\Http\\Livewire\\Admin\\Languages\\Options\\TranslateComponent->updatedData()
#3 /home/u100719507/domains/2lancer.ma/public_html/vendor/livewire/livewire/src/ComponentConcerns/HandlesActions.php(54): Livewire\\Component->callBeforeAndAfterSyncHooks()
#4 /home/u100719507/domains/2lancer.ma/public_html/vendor/livewire/livewire/src/HydrationMiddleware/PerformDataBindingUpdates.php(20): Livewire\\Component->syncInput()
#5 /home/u100719507/domains/2lancer.ma/public_html/vendor/livewire/livewire/src/LifecycleManager.php(89): Livewire\\HydrationMiddleware\\PerformDataBindingUpdates::hydrate()
#6 /home/u100719507/domains/2lancer.ma/public_html/vendor/livewire/livewire/src/Connection/ConnectionHandler.php(13): Livewire\\LifecycleManager->hydrate()
#7 /home/u100719507/domains/2lancer.ma/public_html/vendor/livewire/livewire/src/Controllers/HttpConnectionHandler.php(21): Livewire\\Connection\\ConnectionHandler->handle()
#8 /home/u100719507/domains/2lancer.ma/public_html/vendor/laravel/framework/src/Illuminate/Routing/ControllerDispatcher.php(46): Livewire\\Controllers\\HttpConnectionHandler->__invoke()
#9 /home/u100719507/domains/2lancer.ma/public_html/vendor/laravel/framework/src/Illuminate/Routing/Route.php(260): Illuminate\\Routing\\ControllerDispatcher->dispatch()
#10 /home/u100719507/domains/2lancer.ma/public_html/vendor/laravel/framework/src/Illuminate/Routing/Route.php(205): Illuminate\\Routing\\Route->runController()
#11 /home/u100719507/domains/2lancer.ma/public_html/vendor/laravel/framework/src/Illuminate/Routing/Router.php(799): Illuminate\\Routing\\Route->run()
#12 /home/u100719507/domains/2lancer.ma/public_html/vendor/laravel/framework/src/Illuminate/Pipeline/Pipeline.php(141): Illuminate\\Routing\\Router->Illuminate\\Routing\\{closure}()
#13 /home/u100719507/domains/2lancer.ma/public_html/vendor/ralphjsmit/livewire-urls/src/Middleware/LivewireUrlsMiddleware.php(14): Illuminate\\Pipeline\\Pipeline->Illuminate\\Pipeline\\{closure}()
#14 /home/u100719507/domains/2lancer.ma/public_html/vendor/laravel/framework/src/Illuminate/Pipeline/Pipeline.php(180): RalphJSmit\\Livewire\\Urls\\Middleware\\LivewireUrlsMiddleware->handle()
#15 /home/u100719507/domains/2lancer.ma/public_html/app/Http/Middleware/XFrameHeaders.php(31): Illuminate\\Pipeline\\Pipeline->Illuminate\\Pipeline\\{closure}()
#16 /home/u100719507/domains/2lancer.ma/public_html/vendor/laravel/framework/src/Illuminate/Pipeline/Pipeline.php(180): App\\Http\\Middleware\\XFrameHeaders->handle()
#17 /home/u100719507/domains/2lancer.ma/public_html/app/Http/Middleware/UpgradeLevel.php(95): Illuminate\\Pipeline\\Pipeline->Illuminate\\Pipeline\\{closure}()
#18 /home/u100719507/domains/2lancer.ma/public_html/vendor/laravel/framework/src/Illuminate/Pipeline/Pipeline.php(180): App\\Http\\Middleware\\UpgradeLevel->handle()
#19 /home/u100719507/domains/2lancer.ma/public_html/app/Http/Middleware/UserLastActivity.php(25): Illuminate\\Pipeline\\Pipeline->Illuminate\\Pipeline\\{closure}()
#20 /home/u100719507/domains/2lancer.ma/public_html/vendor/laravel/framework/src/Illuminate/Pipeline/Pipeline.php(180): App\\Http\\Middleware\\UserLastActivity->handle()
#21 /home/u100719507/domains/2lancer.ma/public_html/app/Http/Middleware/SetLocale.php(65): Illuminate\\Pipeline\\Pipeline->Illuminate\\Pipeline\\{closure}()
#22 /home/u100719507/domains/2lancer.ma/public_html/vendor/laravel/framework/src/Illuminate/Pipeline/Pipeline.php(180): App\\Http\\Middleware\\SetLocale->handle()
#23 /home/u100719507/domains/2lancer.ma/public_html/vendor/laravel/framework/src/Illuminate/Routing/Middleware/SubstituteBindings.php(50): Illuminate\\Pipeline\\Pipeline->Illuminate\\Pipeline\\{closure}()
#24 /home/u100719507/domains/2lancer.ma/public_html/vendor/laravel/framework/src/Illuminate/Pipeline/Pipeline.php(180): Illuminate\\Routing\\Middleware\\SubstituteBindings->handle()
#25 /home/u100719507/domains/2lancer.ma/public_html/vendor/laravel/framework/src/Illuminate/Session/Middleware/AuthenticateSession.php(60): Illuminate\\Pipeline\\Pipeline->Illuminate\\Pipeline\\{closure}()
#26 /home/u100719507/domains/2lancer.ma/public_html/vendor/laravel/framework/src/Illuminate/Pipeline/Pipeline.php(180): Illuminate\\Session\\Middleware\\AuthenticateSession->handle()
#27 /home/u100719507/domains/2lancer.ma/public_html/vendor/laravel/framework/src/Illuminate/Foundation/Http/Middleware/VerifyCsrfToken.php(78): Illuminate\\Pipeline\\Pipeline->Illuminate\\Pipeline\\{closure}()
#28 /home/u100719507/domains/2lancer.ma/public_html/app/Http/Middleware/VerifyCsrfToken.php(24): Illuminate\\Foundation\\Http\\Middleware\\VerifyCsrfToken->handle()
#29 /home/u100719507/domains/2lancer.ma/public_html/vendor/laravel/framework/src/Illuminate/Pipeline/Pipeline.php(180): App\\Http\\Middleware\\VerifyCsrfToken->handle()
#30 /home/u100719507/domains/2lancer.ma/public_html/vendor/laravel/framework/src/Illuminate/View/Middleware/ShareErrorsFromSession.php(49): Illuminate\\Pipeline\\Pipeline->Illuminate\\Pipeline\\{closure}()
#31 /home/u100719507/domains/2lancer.ma/public_html/vendor/laravel/framework/src/Illuminate/Pipeline/Pipeline.php(180): Illuminate\\View\\Middleware\\ShareErrorsFromSession->handle()
#32 /home/u100719507/domains/2lancer.ma/public_html/vendor/laravel/framework/src/Illuminate/Session/Middleware/StartSession.php(144): Illuminate\\Pipeline\\Pipeline->Illuminate\\Pipeline\\{closure}()
#33 /home/u100719507/domains/2lancer.ma/public_html/vendor/laravel/framework/src/Illuminate/Session/Middleware/StartSession.php(87): Illuminate\\Session\\Middleware\\StartSession->handleStatefulRequest()
#34 /home/u100719507/domains/2lancer.ma/public_html/vendor/laravel/framework/src/Illuminate/Pipeline/Pipeline.php(180): Illuminate\\Session\\Middleware\\StartSession->handle()
#35 /home/u100719507/domains/2lancer.ma/public_html/vendor/laravel/framework/src/Illuminate/Cookie/Middleware/AddQueuedCookiesToResponse.php(37): Illuminate\\Pipeline\\Pipeline->Illuminate\\Pipeline\\{closure}()
#36 /home/u100719507/domains/2lancer.ma/public_html/vendor/laravel/framework/src/Illuminate/Pipeline/Pipeline.php(180): Illuminate\\Cookie\\Middleware\\AddQueuedCookiesToResponse->handle()
#37 /home/u100719507/domains/2lancer.ma/public_html/vendor/laravel/framework/src/Illuminate/Cookie/Middleware/EncryptCookies.php(67): Illuminate\\Pipeline\\Pipeline->Illuminate\\Pipeline\\{closure}()
#38 /home/u100719507/domains/2lancer.ma/public_html/vendor/laravel/framework/src/Illuminate/Pipeline/Pipeline.php(180): Illuminate\\Cookie\\Middleware\\EncryptCookies->handle()
#39 /home/u100719507/domains/2lancer.ma/public_html/vendor/laravel/framework/src/Illuminate/Pipeline/Pipeline.php(116): Illuminate\\Pipeline\\Pipeline->Illuminate\\Pipeline\\{closure}()
#40 /home/u100719507/domains/2lancer.ma/public_html/vendor/laravel/framework/src/Illuminate/Routing/Router.php(800): Illuminate\\Pipeline\\Pipeline->then()
#41 /home/u100719507/domains/2lancer.ma/public_html/vendor/laravel/framework/src/Illuminate/Routing/Router.php(777): Illuminate\\Routing\\Router->runRouteWithinStack()
#42 /home/u100719507/domains/2lancer.ma/public_html/vendor/laravel/framework/src/Illuminate/Routing/Router.php(741): Illuminate\\Routing\\Router->runRoute()
#43 /home/u100719507/domains/2lancer.ma/public_html/vendor/laravel/framework/src/Illuminate/Routing/Router.php(730): Illuminate\\Routing\\Router->dispatchToRoute()
#44 /home/u100719507/domains/2lancer.ma/public_html/vendor/laravel/framework/src/Illuminate/Foundation/Http/Kernel.php(200): Illuminate\\Routing\\Router->dispatch()
#45 /home/u100719507/domains/2lancer.ma/public_html/vendor/laravel/framework/src/Illuminate/Pipeline/Pipeline.php(141): Illuminate\\Foundation\\Http\\Kernel->Illuminate\\Foundation\\Http\\{closure}()
#46 /home/u100719507/domains/2lancer.ma/public_html/vendor/lukeraymonddowning/honey/src/Http/Middleware/BlockSpammers.php(19): Illuminate\\Pipeline\\Pipeline->Illuminate\\Pipeline\\{closure}()
#47 /home/u100719507/domains/2lancer.ma/public_html/vendor/laravel/framework/src/Illuminate/Pipeline/Pipeline.php(180): Lukeraymonddowning\\Honey\\Http\\Middleware\\BlockSpammers->handle()
#48 /home/u100719507/domains/2lancer.ma/public_html/vendor/livewire/livewire/src/DisableBrowserCache.php(19): Illuminate\\Pipeline\\Pipeline->Illuminate\\Pipeline\\{closure}()
#49 /home/u100719507/domains/2lancer.ma/public_html/vendor/laravel/framework/src/Illuminate/Pipeline/Pipeline.php(180): Livewire\\DisableBrowserCache->handle()
#50 /home/u100719507/domains/2lancer.ma/public_html/vendor/barryvdh/laravel-debugbar/src/Middleware/InjectDebugbar.php(59): Illuminate\\Pipeline\\Pipeline->Illuminate\\Pipeline\\{closure}()
#51 /home/u100719507/domains/2lancer.ma/public_html/vendor/laravel/framework/src/Illuminate/Pipeline/Pipeline.php(180): Barryvdh\\Debugbar\\Middleware\\InjectDebugbar->handle()
#52 /home/u100719507/domains/2lancer.ma/public_html/vendor/laravel/framework/src/Illuminate/Foundation/Http/Middleware/ConvertEmptyStringsToNull.php(27): Illuminate\\Pipeline\\Pipeline->Illuminate\\Pipeline\\{closure}()
#53 /home/u100719507/domains/2lancer.ma/public_html/vendor/laravel/framework/src/Illuminate/Pipeline/Pipeline.php(180): Illuminate\\Foundation\\Http\\Middleware\\ConvertEmptyStringsToNull->handle()
#54 /home/u100719507/domains/2lancer.ma/public_html/vendor/laravel/framework/src/Illuminate/Foundation/Http/Middleware/TrimStrings.php(36): Illuminate\\Pipeline\\Pipeline->Illuminate\\Pipeline\\{closure}()
#55 /home/u100719507/domains/2lancer.ma/public_html/vendor/laravel/framework/src/Illuminate/Pipeline/Pipeline.php(180): Illuminate\\Foundation\\Http\\Middleware\\TrimStrings->handle()
#56 /home/u100719507/domains/2lancer.ma/public_html/vendor/laravel/framework/src/Illuminate/Foundation/Http/Middleware/ValidatePostSize.php(27): Illuminate\\Pipeline\\Pipeline->Illuminate\\Pipeline\\{closure}()
#57 /home/u100719507/domains/2lancer.ma/public_html/vendor/laravel/framework/src/Illuminate/Pipeline/Pipeline.php(180): Illuminate\\Foundation\\Http\\Middleware\\ValidatePostSize->handle()
#58 /home/u100719507/domains/2lancer.ma/public_html/vendor/laravel/framework/src/Illuminate/Foundation/Http/Middleware/PreventRequestsDuringMaintenance.php(86): Illuminate\\Pipeline\\Pipeline->Illuminate\\Pipeline\\{closure}()
#59 /home/u100719507/domains/2lancer.ma/public_html/vendor/laravel/framework/src/Illuminate/Pipeline/Pipeline.php(180): Illuminate\\Foundation\\Http\\Middleware\\PreventRequestsDuringMaintenance->handle()
#60 /home/u100719507/domains/2lancer.ma/public_html/vendor/laravel/framework/src/Illuminate/Http/Middleware/HandleCors.php(49): Illuminate\\Pipeline\\Pipeline->Illuminate\\Pipeline\\{closure}()
#61 /home/u100719507/domains/2lancer.ma/public_html/vendor/laravel/framework/src/Illuminate/Pipeline/Pipeline.php(180): Illuminate\\Http\\Middleware\\HandleCors->handle()
#62 /home/u100719507/domains/2lancer.ma/public_html/vendor/laravel/framework/src/Illuminate/Http/Middleware/TrustProxies.php(39): Illuminate\\Pipeline\\Pipeline->Illuminate\\Pipeline\\{closure}()
#63 /home/u100719507/domains/2lancer.ma/public_html/vendor/laravel/framework/src/Illuminate/Pipeline/Pipeline.php(180): Illuminate\\Http\\Middleware\\TrustProxies->handle()
#64 /home/u100719507/domains/2lancer.ma/public_html/vendor/laravel/framework/src/Illuminate/Pipeline/Pipeline.php(116): Illuminate\\Pipeline\\Pipeline->Illuminate\\Pipeline\\{closure}()
#65 /home/u100719507/domains/2lancer.ma/public_html/vendor/laravel/framework/src/Illuminate/Foundation/Http/Kernel.php(175): Illuminate\\Pipeline\\Pipeline->then()
#66 /home/u100719507/domains/2lancer.ma/public_html/vendor/laravel/framework/src/Illuminate/Foundation/Http/Kernel.php(144): Illuminate\\Foundation\\Http\\Kernel->sendRequestThroughRouter()
#67 /home/u100719507/domains/2lancer.ma/public_html/index.php(53): Illuminate\\Foundation\\Http\\Kernel->handle()
#68 {main}
"} 
